beefy (v2.1.8) is listening on http://127.0.0.1:9966
200  114ms       247B  /
200  207ms   791.36KB  /src/vendor/phaser.min.js
200  258ms     7.68KB  /bundle.js ➞ ./node_modules/browserify ./src/game.js -d
200   17ms       442B  /assets/loading.png
200   13ms       147B  /assets/progress_bar_bg.png
200   10ms       150B  /assets/progress_bar_fg.png
404    2ms        12B  /src/vendor/phaser.map
200   38ms       247B  /
200   16ms   791.36KB  /src/vendor/phaser.min.js
200   50ms     7.68KB  /bundle.js ➞ ./node_modules/browserify ./src/game.js -d
404   11ms        12B  /src/vendor/phaser.map
200    9ms       442B  /assets/loading.png
200    6ms       147B  /assets/progress_bar_bg.png
200    3ms       150B  /assets/progress_bar_fg.png
200   23ms       247B  /
200   12ms   791.36KB  /src/vendor/phaser.min.js
200   26ms     7.68KB  /bundle.js ➞ ./node_modules/browserify ./src/game.js -d
404    1ms        12B  /src/vendor/phaser.map
200   10ms       442B  /assets/loading.png
200    2ms       150B  /assets/progress_bar_fg.png
200    5ms       147B  /assets/progress_bar_bg.png
200   22ms       247B  /
200   22ms   791.36KB  /src/vendor/phaser.min.js
200   48ms     7.68KB  /bundle.js ➞ ./node_modules/browserify ./src/game.js -d
404    0ms        12B  /src/vendor/phaser.map
200   11ms       442B  /assets/loading.png
200    9ms       147B  /assets/progress_bar_bg.png
200    6ms       150B  /assets/progress_bar_fg.png
200   21ms       247B  /
200   35ms   791.36KB  /src/vendor/phaser.min.js
200   67ms     7.68KB  /bundle.js ➞ ./node_modules/browserify ./src/game.js -d
404    0ms        12B  /src/vendor/phaser.map
200   24ms       442B  /assets/loading.png
200   10ms       147B  /assets/progress_bar_bg.png
200    9ms       150B  /assets/progress_bar_fg.png
200   15ms       247B  /
200   20ms   791.36KB  /src/vendor/phaser.min.js
200   31ms     8.19KB  /bundle.js ➞ ./node_modules/browserify ./src/game.js -d
404   11ms        12B  /src/vendor/phaser.map
200   16ms       442B  /assets/loading.png
200   13ms       147B  /assets/progress_bar_bg.png
200    2ms       150B  /assets/progress_bar_fg.png
200   18ms       247B  /
200   20ms   791.36KB  /src/vendor/phaser.min.js
200   41ms     8.26KB  /bundle.js ➞ ./node_modules/browserify ./src/game.js -d
200   21ms       442B  /assets/loading.png
200   17ms       147B  /assets/progress_bar_bg.png
404    1ms        12B  /src/vendor/phaser.map
200   12ms       150B  /assets/progress_bar_fg.png
200   16ms       247B  /
200   46ms   791.36KB  /src/vendor/phaser.min.js
200   21ms     8.26KB  /bundle.js ➞ ./node_modules/browserify ./src/game.js -d
404   11ms        12B  /src/vendor/phaser.map
200   10ms       442B  /assets/loading.png
200    8ms       147B  /assets/progress_bar_bg.png
200    5ms       150B  /assets/progress_bar_fg.png
200   17ms       247B  /
200   15ms   791.36KB  /src/vendor/phaser.min.js
200   25ms     8.26KB  /bundle.js ➞ ./node_modules/browserify ./src/game.js -d
404    0ms        12B  /src/vendor/phaser.map
200   12ms       442B  /assets/loading.png
200    5ms       147B  /assets/progress_bar_bg.png
200    2ms       150B  /assets/progress_bar_fg.png
200   16ms       247B  /
200   20ms   791.36KB  /src/vendor/phaser.min.js
200   26ms     8.26KB  /bundle.js ➞ ./node_modules/browserify ./src/game.js -d
404    0ms        12B  /src/vendor/phaser.map
200   12ms       442B  /assets/loading.png
200    8ms       147B  /assets/progress_bar_bg.png
200    3ms       150B  /assets/progress_bar_fg.png
200   23ms       247B  /
200   20ms   791.36KB  /src/vendor/phaser.min.js
Error: Parsing file /var/www/game/src/states/play.js: 'var' can not be used as shorthand property (3:4)
    at Deps.parseDeps (/var/www/game/node_modules/module-deps/index.js:437:28)
    at fromSource (/var/www/game/node_modules/module-deps/index.js:376:44)
    at /var/www/game/node_modules/module-deps/index.js:370:17
    at ConcatStream.<anonymous> (/var/www/game/node_modules/module-deps/node_modules/concat-stream/index.js:36:43)
    at emitNone (events.js:72:20)
    at ConcatStream.emit (events.js:166:7)
    at finishMaybe (/var/www/game/node_modules/readable-stream/lib/_stream_writable.js:460:14)
    at endWritable (/var/www/game/node_modules/readable-stream/lib/_stream_writable.js:469:3)
    at ConcatStream.Writable.end (/var/www/game/node_modules/readable-stream/lib/_stream_writable.js:436:5)
    at DuplexWrapper.onend (/var/www/game/node_modules/readable-stream/lib/_stream_readable.js:537:10)
200   33ms      1.3KB  /bundle.js ➞ ./node_modules/browserify ./src/game.js -d
404    0ms        12B  /src/vendor/phaser.map
200   16ms       247B  /
200   14ms   791.36KB  /src/vendor/phaser.min.js
Error: Parsing file /var/www/game/src/states/play.js: 'var' can not be used as shorthand property (3:4)
    at Deps.parseDeps (/var/www/game/node_modules/module-deps/index.js:437:28)
    at fromSource (/var/www/game/node_modules/module-deps/index.js:376:44)
    at /var/www/game/node_modules/module-deps/index.js:370:17
    at ConcatStream.<anonymous> (/var/www/game/node_modules/module-deps/node_modules/concat-stream/index.js:36:43)
    at emitNone (events.js:72:20)
    at ConcatStream.emit (events.js:166:7)
    at finishMaybe (/var/www/game/node_modules/readable-stream/lib/_stream_writable.js:460:14)
    at endWritable (/var/www/game/node_modules/readable-stream/lib/_stream_writable.js:469:3)
    at ConcatStream.Writable.end (/var/www/game/node_modules/readable-stream/lib/_stream_writable.js:436:5)
    at DuplexWrapper.onend (/var/www/game/node_modules/readable-stream/lib/_stream_readable.js:537:10)
200   24ms      1.3KB  /bundle.js ➞ ./node_modules/browserify ./src/game.js -d
404    1ms        12B  /src/vendor/phaser.map
200   14ms       247B  /
200   17ms   791.36KB  /src/vendor/phaser.min.js
Error: Parsing file /var/www/game/src/states/play.js: 'var' can not be used as shorthand property (3:4)
    at Deps.parseDeps (/var/www/game/node_modules/module-deps/index.js:437:28)
    at fromSource (/var/www/game/node_modules/module-deps/index.js:376:44)
    at /var/www/game/node_modules/module-deps/index.js:370:17
    at ConcatStream.<anonymous> (/var/www/game/node_modules/module-deps/node_modules/concat-stream/index.js:36:43)
    at emitNone (events.js:72:20)
    at ConcatStream.emit (events.js:166:7)
    at finishMaybe (/var/www/game/node_modules/readable-stream/lib/_stream_writable.js:460:14)
    at endWritable (/var/www/game/node_modules/readable-stream/lib/_stream_writable.js:469:3)
    at ConcatStream.Writable.end (/var/www/game/node_modules/readable-stream/lib/_stream_writable.js:436:5)
    at DuplexWrapper.onend (/var/www/game/node_modules/readable-stream/lib/_stream_readable.js:537:10)
200   21ms      1.3KB  /bundle.js ➞ ./node_modules/browserify ./src/game.js -d
404    0ms        12B  /src/vendor/phaser.map
200   13ms       247B  /
200    7ms   791.36KB  /src/vendor/phaser.min.js
Error: Parsing file /var/www/game/src/states/play.js: 'var' can not be used as shorthand property (3:4)
    at Deps.parseDeps (/var/www/game/node_modules/module-deps/index.js:437:28)
    at fromSource (/var/www/game/node_modules/module-deps/index.js:376:44)
    at /var/www/game/node_modules/module-deps/index.js:370:17
    at ConcatStream.<anonymous> (/var/www/game/node_modules/module-deps/node_modules/concat-stream/index.js:36:43)
    at emitNone (events.js:72:20)
    at ConcatStream.emit (events.js:166:7)
    at finishMaybe (/var/www/game/node_modules/readable-stream/lib/_stream_writable.js:460:14)
    at endWritable (/var/www/game/node_modules/readable-stream/lib/_stream_writable.js:469:3)
    at ConcatStream.Writable.end (/var/www/game/node_modules/readable-stream/lib/_stream_writable.js:436:5)
    at DuplexWrapper.onend (/var/www/game/node_modules/readable-stream/lib/_stream_readable.js:537:10)
200   29ms      1.3KB  /bundle.js ➞ ./node_modules/browserify ./src/game.js -d
404    1ms        12B  /src/vendor/phaser.map
200   13ms       247B  /
200   29ms   791.36KB  /src/vendor/phaser.min.js
Error: Parsing file /var/www/game/src/states/play.js: 'var' can not be used as shorthand property (3:4)
    at Deps.parseDeps (/var/www/game/node_modules/module-deps/index.js:437:28)
    at fromSource (/var/www/game/node_modules/module-deps/index.js:376:44)
    at /var/www/game/node_modules/module-deps/index.js:370:17
    at ConcatStream.<anonymous> (/var/www/game/node_modules/module-deps/node_modules/concat-stream/index.js:36:43)
    at emitNone (events.js:72:20)
    at ConcatStream.emit (events.js:166:7)
    at finishMaybe (/var/www/game/node_modules/readable-stream/lib/_stream_writable.js:460:14)
    at endWritable (/var/www/game/node_modules/readable-stream/lib/_stream_writable.js:469:3)
    at ConcatStream.Writable.end (/var/www/game/node_modules/readable-stream/lib/_stream_writable.js:436:5)
    at DuplexWrapper.onend (/var/www/game/node_modules/readable-stream/lib/_stream_readable.js:537:10)
200   26ms      1.3KB  /bundle.js ➞ ./node_modules/browserify ./src/game.js -d
404    1ms        12B  /src/vendor/phaser.map
200   15ms       247B  /
200   13ms   791.36KB  /src/vendor/phaser.min.js
Error: Parsing file /var/www/game/src/states/play.js: Unterminated string constant (1:19)
    at Deps.parseDeps (/var/www/game/node_modules/module-deps/index.js:437:28)
    at fromSource (/var/www/game/node_modules/module-deps/index.js:376:44)
    at /var/www/game/node_modules/module-deps/index.js:370:17
    at ConcatStream.<anonymous> (/var/www/game/node_modules/module-deps/node_modules/concat-stream/index.js:36:43)
    at emitNone (events.js:72:20)
    at ConcatStream.emit (events.js:166:7)
    at finishMaybe (/var/www/game/node_modules/readable-stream/lib/_stream_writable.js:460:14)
    at endWritable (/var/www/game/node_modules/readable-stream/lib/_stream_writable.js:469:3)
    at ConcatStream.Writable.end (/var/www/game/node_modules/readable-stream/lib/_stream_writable.js:436:5)
    at DuplexWrapper.onend (/var/www/game/node_modules/readable-stream/lib/_stream_readable.js:537:10)
200   22ms     1.28KB  /bundle.js ➞ ./node_modules/browserify ./src/game.js -d
404    0ms        12B  /src/vendor/phaser.map
200   14ms       247B  /
200   18ms   791.36KB  /src/vendor/phaser.min.js
Error: Parsing file /var/www/game/src/states/play.js: Unterminated string constant (1:19)
    at Deps.parseDeps (/var/www/game/node_modules/module-deps/index.js:437:28)
    at fromSource (/var/www/game/node_modules/module-deps/index.js:376:44)
    at /var/www/game/node_modules/module-deps/index.js:370:17
    at ConcatStream.<anonymous> (/var/www/game/node_modules/module-deps/node_modules/concat-stream/index.js:36:43)
    at emitNone (events.js:72:20)
    at ConcatStream.emit (events.js:166:7)
    at finishMaybe (/var/www/game/node_modules/readable-stream/lib/_stream_writable.js:460:14)
    at endWritable (/var/www/game/node_modules/readable-stream/lib/_stream_writable.js:469:3)
    at ConcatStream.Writable.end (/var/www/game/node_modules/readable-stream/lib/_stream_writable.js:436:5)
    at DuplexWrapper.onend (/var/www/game/node_modules/readable-stream/lib/_stream_readable.js:537:10)
200   24ms     1.28KB  /bundle.js ➞ ./node_modules/browserify ./src/game.js -d
404    0ms        12B  /src/vendor/phaser.map
200   15ms       247B  /
200   18ms   791.36KB  /src/vendor/phaser.min.js
Error: Parsing file /var/www/game/src/states/play.js: Unterminated string constant (1:19)
    at Deps.parseDeps (/var/www/game/node_modules/module-deps/index.js:437:28)
    at fromSource (/var/www/game/node_modules/module-deps/index.js:376:44)
    at /var/www/game/node_modules/module-deps/index.js:370:17
    at ConcatStream.<anonymous> (/var/www/game/node_modules/module-deps/node_modules/concat-stream/index.js:36:43)
    at emitNone (events.js:72:20)
    at ConcatStream.emit (events.js:166:7)
    at finishMaybe (/var/www/game/node_modules/readable-stream/lib/_stream_writable.js:460:14)
    at endWritable (/var/www/game/node_modules/readable-stream/lib/_stream_writable.js:469:3)
    at ConcatStream.Writable.end (/var/www/game/node_modules/readable-stream/lib/_stream_writable.js:436:5)
    at DuplexWrapper.onend (/var/www/game/node_modules/readable-stream/lib/_stream_readable.js:537:10)
200   23ms     1.28KB  /bundle.js ➞ ./node_modules/browserify ./src/game.js -d
404    0ms        12B  /src/vendor/phaser.map
200   14ms       247B  /
200   15ms   791.36KB  /src/vendor/phaser.min.js
Error: Parsing file /var/www/game/src/states/play.js: Unterminated string constant (1:19)
    at Deps.parseDeps (/var/www/game/node_modules/module-deps/index.js:437:28)
    at fromSource (/var/www/game/node_modules/module-deps/index.js:376:44)
    at /var/www/game/node_modules/module-deps/index.js:370:17
    at ConcatStream.<anonymous> (/var/www/game/node_modules/module-deps/node_modules/concat-stream/index.js:36:43)
    at emitNone (events.js:72:20)
    at ConcatStream.emit (events.js:166:7)
    at finishMaybe (/var/www/game/node_modules/readable-stream/lib/_stream_writable.js:460:14)
    at endWritable (/var/www/game/node_modules/readable-stream/lib/_stream_writable.js:469:3)
    at ConcatStream.Writable.end (/var/www/game/node_modules/readable-stream/lib/_stream_writable.js:436:5)
    at DuplexWrapper.onend (/var/www/game/node_modules/readable-stream/lib/_stream_readable.js:537:10)
200   19ms     1.28KB  /bundle.js ➞ ./node_modules/browserify ./src/game.js -d
404    1ms        12B  /src/vendor/phaser.map
200   17ms       247B  /
200   23ms   791.36KB  /src/vendor/phaser.min.js
Error: Parsing file /var/www/game/src/states/play.js: Unterminated string constant (1:19)
    at Deps.parseDeps (/var/www/game/node_modules/module-deps/index.js:437:28)
    at fromSource (/var/www/game/node_modules/module-deps/index.js:376:44)
    at /var/www/game/node_modules/module-deps/index.js:370:17
    at ConcatStream.<anonymous> (/var/www/game/node_modules/module-deps/node_modules/concat-stream/index.js:36:43)
    at emitNone (events.js:72:20)
    at ConcatStream.emit (events.js:166:7)
    at finishMaybe (/var/www/game/node_modules/readable-stream/lib/_stream_writable.js:460:14)
    at endWritable (/var/www/game/node_modules/readable-stream/lib/_stream_writable.js:469:3)
    at ConcatStream.Writable.end (/var/www/game/node_modules/readable-stream/lib/_stream_writable.js:436:5)
    at DuplexWrapper.onend (/var/www/game/node_modules/readable-stream/lib/_stream_readable.js:537:10)
200   25ms     1.28KB  /bundle.js ➞ ./node_modules/browserify ./src/game.js -d
404    1ms        12B  /src/vendor/phaser.map
200    9ms       247B  /
200   16ms   791.36KB  /src/vendor/phaser.min.js
Error: Parsing file /var/www/game/src/states/play.js: Unexpected token (9:4)
    at Deps.parseDeps (/var/www/game/node_modules/module-deps/index.js:437:28)
    at fromSource (/var/www/game/node_modules/module-deps/index.js:376:44)
    at /var/www/game/node_modules/module-deps/index.js:370:17
    at ConcatStream.<anonymous> (/var/www/game/node_modules/module-deps/node_modules/concat-stream/index.js:36:43)
    at emitNone (events.js:72:20)
    at ConcatStream.emit (events.js:166:7)
    at finishMaybe (/var/www/game/node_modules/readable-stream/lib/_stream_writable.js:460:14)
    at endWritable (/var/www/game/node_modules/readable-stream/lib/_stream_writable.js:469:3)
    at ConcatStream.Writable.end (/var/www/game/node_modules/readable-stream/lib/_stream_writable.js:436:5)
    at DuplexWrapper.onend (/var/www/game/node_modules/readable-stream/lib/_stream_readable.js:537:10)
200   24ms     1.27KB  /bundle.js ➞ ./node_modules/browserify ./src/game.js -d
404    1ms        12B  /src/vendor/phaser.map
200   11ms       247B  /
200   13ms   791.36KB  /src/vendor/phaser.min.js
Error: Parsing file /var/www/game/src/states/play.js: Unexpected token (9:4)
    at Deps.parseDeps (/var/www/game/node_modules/module-deps/index.js:437:28)
    at fromSource (/var/www/game/node_modules/module-deps/index.js:376:44)
    at /var/www/game/node_modules/module-deps/index.js:370:17
    at ConcatStream.<anonymous> (/var/www/game/node_modules/module-deps/node_modules/concat-stream/index.js:36:43)
    at emitNone (events.js:72:20)
    at ConcatStream.emit (events.js:166:7)
    at finishMaybe (/var/www/game/node_modules/readable-stream/lib/_stream_writable.js:460:14)
    at endWritable (/var/www/game/node_modules/readable-stream/lib/_stream_writable.js:469:3)
    at ConcatStream.Writable.end (/var/www/game/node_modules/readable-stream/lib/_stream_writable.js:436:5)
    at DuplexWrapper.onend (/var/www/game/node_modules/readable-stream/lib/_stream_readable.js:537:10)
200   18ms     1.27KB  /bundle.js ➞ ./node_modules/browserify ./src/game.js -d
404    0ms        12B  /src/vendor/phaser.map
200   30ms       247B  /
200   13ms   791.36KB  /src/vendor/phaser.min.js
200   21ms     8.95KB  /bundle.js ➞ ./node_modules/browserify ./src/game.js -d
404    1ms        12B  /src/vendor/phaser.map
200    4ms       442B  /assets/loading.png
200    5ms       147B  /assets/progress_bar_bg.png
200    1ms       150B  /assets/progress_bar_fg.png
200    9ms       247B  /
200    2ms   791.36KB  /src/vendor/phaser.min.js
200   22ms     8.95KB  /bundle.js ➞ ./node_modules/browserify ./src/game.js -d
404    0ms        12B  /src/vendor/phaser.map
200   12ms       442B  /assets/loading.png
200    8ms       147B  /assets/progress_bar_bg.png
200    7ms       150B  /assets/progress_bar_fg.png
200   13ms       247B  /
200   13ms   791.36KB  /src/vendor/phaser.min.js
200   26ms     8.95KB  /bundle.js ➞ ./node_modules/browserify ./src/game.js -d
404    3ms        12B  /src/vendor/phaser.map
200   14ms       442B  /assets/loading.png
200    9ms       147B  /assets/progress_bar_bg.png
200    6ms       150B  /assets/progress_bar_fg.png
200   11ms       247B  /
200   12ms   791.36KB  /src/vendor/phaser.min.js
200   28ms     8.95KB  /bundle.js ➞ ./node_modules/browserify ./src/game.js -d
404    0ms        12B  /src/vendor/phaser.map
200   12ms       442B  /assets/loading.png
200    7ms       147B  /assets/progress_bar_bg.png
200    1ms       150B  /assets/progress_bar_fg.png
200   12ms       247B  /
200   13ms   791.36KB  /src/vendor/phaser.min.js
200   30ms     8.95KB  /bundle.js ➞ ./node_modules/browserify ./src/game.js -d
200   15ms       147B  /assets/progress_bar_bg.png
200   10ms       442B  /assets/loading.png
200    7ms       150B  /assets/progress_bar_fg.png
404    2ms        12B  /src/vendor/phaser.map
200   14ms       247B  /
200    3ms   791.36KB  /src/vendor/phaser.min.js
200   27ms     8.95KB  /bundle.js ➞ ./node_modules/browserify ./src/game.js -d
404    1ms        12B  /src/vendor/phaser.map
200   15ms       442B  /assets/loading.png
200    9ms       147B  /assets/progress_bar_bg.png
200    4ms       150B  /assets/progress_bar_fg.png
200   17ms       247B  /
200   19ms   791.36KB  /src/vendor/phaser.min.js
200   35ms     8.95KB  /bundle.js ➞ ./node_modules/browserify ./src/game.js -d
404    1ms        12B  /src/vendor/phaser.map
200   12ms       442B  /assets/loading.png
200    7ms       147B  /assets/progress_bar_bg.png
200    2ms       150B  /assets/progress_bar_fg.png
200   21ms       247B  /
200   27ms   791.36KB  /src/vendor/phaser.min.js
200   44ms     8.95KB  /bundle.js ➞ ./node_modules/browserify ./src/game.js -d
404    9ms        12B  /src/vendor/phaser.map
200   11ms       442B  /assets/loading.png
200    6ms       147B  /assets/progress_bar_bg.png
200    3ms       150B  /assets/progress_bar_fg.png
200   22ms       247B  /
200   21ms   791.36KB  /src/vendor/phaser.min.js
200   39ms     8.95KB  /bundle.js ➞ ./node_modules/browserify ./src/game.js -d
404    0ms        12B  /src/vendor/phaser.map
200    0ms       442B  /assets/loading.png
200    9ms       147B  /assets/progress_bar_bg.png
200    1ms       150B  /assets/progress_bar_fg.png
200   15ms       247B  /
200   15ms   791.36KB  /src/vendor/phaser.min.js
200   42ms     8.95KB  /bundle.js ➞ ./node_modules/browserify ./src/game.js -d
404    0ms        12B  /src/vendor/phaser.map
200   12ms       442B  /assets/loading.png
200    8ms       147B  /assets/progress_bar_bg.png
200    4ms       150B  /assets/progress_bar_fg.png
200   24ms       247B  /
200   14ms   791.36KB  /src/vendor/phaser.min.js
200   34ms     8.95KB  /bundle.js ➞ ./node_modules/browserify ./src/game.js -d
404    1ms        12B  /src/vendor/phaser.map
200   14ms       442B  /assets/loading.png
200   11ms       147B  /assets/progress_bar_bg.png
200    3ms       150B  /assets/progress_bar_fg.png
200   17ms       247B  /
200   14ms   791.36KB  /src/vendor/phaser.min.js
undefined
200   42ms       387B  /bundle.js ➞ ./node_modules/browserify ./src/game.js -d
404    1ms        12B  /src/vendor/phaser.map
200   14ms       247B  /
200   15ms   791.36KB  /src/vendor/phaser.min.js
undefined
200   32ms       387B  /bundle.js ➞ ./node_modules/browserify ./src/game.js -d
404    1ms        12B  /src/vendor/phaser.map
200   12ms       247B  /
200   19ms   791.36KB  /src/vendor/phaser.min.js
undefined
200   33ms       387B  /bundle.js ➞ ./node_modules/browserify ./src/game.js -d
404    0ms        12B  /src/vendor/phaser.map
200   18ms       247B  /
200   22ms   791.36KB  /src/vendor/phaser.min.js
undefined
200   42ms       387B  /bundle.js ➞ ./node_modules/browserify ./src/game.js -d
404    1ms        12B  /src/vendor/phaser.map
200   12ms       247B  /
200   21ms   791.36KB  /src/vendor/phaser.min.js
200   36ms     9.74KB  /bundle.js ➞ ./node_modules/browserify ./src/game.js -d
404    0ms        12B  /src/vendor/phaser.map
200   10ms       442B  /assets/loading.png
200    6ms       147B  /assets/progress_bar_bg.png
200    1ms       150B  /assets/progress_bar_fg.png
200   33ms       247B  /
200   12ms   791.36KB  /src/vendor/phaser.min.js
200   26ms     9.78KB  /bundle.js ➞ ./node_modules/browserify ./src/game.js -d
404    0ms        12B  /src/vendor/phaser.map
200    7ms       442B  /assets/loading.png
200    5ms       147B  /assets/progress_bar_bg.png
200    1ms       150B  /assets/progress_bar_fg.png
200   15ms       247B  /
200   11ms   791.36KB  /src/vendor/phaser.min.js
200   32ms     9.74KB  /bundle.js ➞ ./node_modules/browserify ./src/game.js -d
404    0ms        12B  /src/vendor/phaser.map
200   11ms       442B  /assets/loading.png
200    6ms       147B  /assets/progress_bar_bg.png
200    2ms       150B  /assets/progress_bar_fg.png
200   17ms       247B  /
200   14ms   791.36KB  /src/vendor/phaser.min.js
200   26ms     9.74KB  /bundle.js ➞ ./node_modules/browserify ./src/game.js -d
404    0ms        12B  /src/vendor/phaser.map
200    8ms       442B  /assets/loading.png
200    5ms       147B  /assets/progress_bar_bg.png
200    1ms       150B  /assets/progress_bar_fg.png
200   19ms       247B  /
200   13ms   791.36KB  /src/vendor/phaser.min.js
200   32ms     9.74KB  /bundle.js ➞ ./node_modules/browserify ./src/game.js -d
404   12ms        12B  /src/vendor/phaser.map
200   15ms       442B  /assets/loading.png
200   11ms       147B  /assets/progress_bar_bg.png
200    3ms       150B  /assets/progress_bar_fg.png
200   20ms       247B  /
200   16ms   791.36KB  /src/vendor/phaser.min.js
200   31ms     9.74KB  /bundle.js ➞ ./node_modules/browserify ./src/game.js -d
404    0ms        12B  /src/vendor/phaser.map
200   17ms       442B  /assets/loading.png
200   14ms       147B  /assets/progress_bar_bg.png
200    7ms       150B  /assets/progress_bar_fg.png
200   14ms       247B  /
200   24ms   791.36KB  /src/vendor/phaser.min.js
200   31ms     9.74KB  /bundle.js ➞ ./node_modules/browserify ./src/game.js -d
404    1ms        12B  /src/vendor/phaser.map
200   14ms       442B  /assets/loading.png
200   10ms       147B  /assets/progress_bar_bg.png
200    5ms       150B  /assets/progress_bar_fg.png
200   11ms       247B  /
200   11ms   791.36KB  /src/vendor/phaser.min.js
200   21ms     9.74KB  /bundle.js ➞ ./node_modules/browserify ./src/game.js -d
404    1ms        12B  /src/vendor/phaser.map
200   10ms       442B  /assets/loading.png
200    7ms       147B  /assets/progress_bar_bg.png
200    4ms       150B  /assets/progress_bar_fg.png
200   12ms       247B  /
200   15ms   791.36KB  /src/vendor/phaser.min.js
200   29ms     9.74KB  /bundle.js ➞ ./node_modules/browserify ./src/game.js -d
404    6ms        12B  /src/vendor/phaser.map
200    9ms       442B  /assets/loading.png
200    7ms       147B  /assets/progress_bar_bg.png
200    3ms       150B  /assets/progress_bar_fg.png
200   13ms       247B  /
200   13ms   791.36KB  /src/vendor/phaser.min.js
200   37ms     9.74KB  /bundle.js ➞ ./node_modules/browserify ./src/game.js -d
404    1ms        12B  /src/vendor/phaser.map
200   11ms       442B  /assets/loading.png
200    6ms       147B  /assets/progress_bar_bg.png
200    1ms       150B  /assets/progress_bar_fg.png
200   13ms       247B  /
200   14ms   791.36KB  /src/vendor/phaser.min.js
200   32ms     9.74KB  /bundle.js ➞ ./node_modules/browserify ./src/game.js -d
404    1ms        12B  /src/vendor/phaser.map
200   13ms       442B  /assets/loading.png
200    5ms       147B  /assets/progress_bar_bg.png
200    1ms       150B  /assets/progress_bar_fg.png
200   12ms       247B  /
200   17ms   791.36KB  /src/vendor/phaser.min.js
200   31ms     9.74KB  /bundle.js ➞ ./node_modules/browserify ./src/game.js -d
404    0ms        12B  /src/vendor/phaser.map
200    5ms       442B  /assets/loading.png
200    9ms       147B  /assets/progress_bar_bg.png
200    3ms       150B  /assets/progress_bar_fg.png
200   14ms       247B  /
200   13ms   791.36KB  /src/vendor/phaser.min.js
200   26ms     9.74KB  /bundle.js ➞ ./node_modules/browserify ./src/game.js -d
404    2ms        12B  /src/vendor/phaser.map
200   12ms       442B  /assets/loading.png
200    6ms       147B  /assets/progress_bar_bg.png
200    3ms       150B  /assets/progress_bar_fg.png
200   11ms       247B  /
200   14ms   791.36KB  /src/vendor/phaser.min.js
200   39ms     9.74KB  /bundle.js ➞ ./node_modules/browserify ./src/game.js -d
200   13ms       442B  /assets/loading.png
200    9ms       147B  /assets/progress_bar_bg.png
200    7ms       150B  /assets/progress_bar_fg.png
404    2ms        12B  /src/vendor/phaser.map
200   11ms       247B  /
200    4ms   791.36KB  /src/vendor/phaser.min.js
200   26ms     9.74KB  /bundle.js ➞ ./node_modules/browserify ./src/game.js -d
404    0ms        12B  /src/vendor/phaser.map
200    8ms       147B  /assets/progress_bar_bg.png
200    5ms       442B  /assets/loading.png
200    1ms       150B  /assets/progress_bar_fg.png
200   10ms       247B  /
200   15ms   791.36KB  /src/vendor/phaser.min.js
200   23ms     9.74KB  /bundle.js ➞ ./node_modules/browserify ./src/game.js -d
404    4ms        12B  /src/vendor/phaser.map
200   13ms       442B  /assets/loading.png
200    8ms       147B  /assets/progress_bar_bg.png
200    7ms       150B  /assets/progress_bar_fg.png
200   41ms       247B  /
200   13ms   791.36KB  /src/vendor/phaser.min.js
200   56ms     9.74KB  /bundle.js ➞ ./node_modules/browserify ./src/game.js -d
404    0ms        12B  /src/vendor/phaser.map
200    9ms       442B  /assets/loading.png
200    6ms       147B  /assets/progress_bar_bg.png
200    1ms       150B  /assets/progress_bar_fg.png
200   10ms       247B  /
200   15ms   791.36KB  /src/vendor/phaser.min.js
200   29ms     9.74KB  /bundle.js ➞ ./node_modules/browserify ./src/game.js -d
404    8ms        12B  /src/vendor/phaser.map
200   12ms       442B  /assets/loading.png
200    5ms       147B  /assets/progress_bar_bg.png
200    3ms       150B  /assets/progress_bar_fg.png
200    9ms       247B  /
200   15ms   791.36KB  /src/vendor/phaser.min.js
200   30ms     9.74KB  /bundle.js ➞ ./node_modules/browserify ./src/game.js -d
404   15ms        12B  /src/vendor/phaser.map
200    9ms       147B  /assets/progress_bar_bg.png
200    3ms       150B  /assets/progress_bar_fg.png
200   12ms       442B  /assets/loading.png
200   14ms       247B  /
200   13ms   791.36KB  /src/vendor/phaser.min.js
200   22ms     9.74KB  /bundle.js ➞ ./node_modules/browserify ./src/game.js -d
404   10ms        12B  /src/vendor/phaser.map
200   16ms       442B  /assets/loading.png
200    8ms       147B  /assets/progress_bar_bg.png
200    3ms       150B  /assets/progress_bar_fg.png
200   19ms       247B  /
200   14ms   791.36KB  /src/vendor/phaser.min.js
200   30ms     9.74KB  /bundle.js ➞ ./node_modules/browserify ./src/game.js -d
404    0ms        12B  /src/vendor/phaser.map
200   11ms       442B  /assets/loading.png
200    8ms       147B  /assets/progress_bar_bg.png
200    2ms       150B  /assets/progress_bar_fg.png
200   17ms       247B  /
200   21ms   791.36KB  /src/vendor/phaser.min.js
200   33ms     9.74KB  /bundle.js ➞ ./node_modules/browserify ./src/game.js -d
404    5ms        12B  /src/vendor/phaser.map
200   14ms       442B  /assets/loading.png
200    8ms       147B  /assets/progress_bar_bg.png
200    3ms       150B  /assets/progress_bar_fg.png
200   14ms       247B  /
200   15ms   791.36KB  /src/vendor/phaser.min.js
200   28ms     9.74KB  /bundle.js ➞ ./node_modules/browserify ./src/game.js -d
404    1ms        12B  /src/vendor/phaser.map
200   17ms       442B  /assets/loading.png
200   13ms       147B  /assets/progress_bar_bg.png
200   10ms       150B  /assets/progress_bar_fg.png
200   24ms       247B  /
200   17ms   791.36KB  /src/vendor/phaser.min.js
200   32ms     9.74KB  /bundle.js ➞ ./node_modules/browserify ./src/game.js -d
404   11ms        12B  /src/vendor/phaser.map
200   12ms       442B  /assets/loading.png
200    8ms       147B  /assets/progress_bar_bg.png
200    6ms       150B  /assets/progress_bar_fg.png
200   15ms       247B  /
200   11ms   791.36KB  /src/vendor/phaser.min.js
200   30ms     9.74KB  /bundle.js ➞ ./node_modules/browserify ./src/game.js -d
404    0ms        12B  /src/vendor/phaser.map
200    9ms       442B  /assets/loading.png
200    5ms       147B  /assets/progress_bar_bg.png
200    2ms       150B  /assets/progress_bar_fg.png
200   18ms       247B  /
200   11ms   791.36KB  /src/vendor/phaser.min.js
200   26ms     9.74KB  /bundle.js ➞ ./node_modules/browserify ./src/game.js -d
404    0ms        12B  /src/vendor/phaser.map
200   12ms       442B  /assets/loading.png
200    7ms       147B  /assets/progress_bar_bg.png
200    4ms       150B  /assets/progress_bar_fg.png
200   13ms       247B  /
200   13ms   791.36KB  /src/vendor/phaser.min.js
200   28ms     9.74KB  /bundle.js ➞ ./node_modules/browserify ./src/game.js -d
404    2ms        12B  /src/vendor/phaser.map
200   19ms       247B  /
200   12ms   791.36KB  /src/vendor/phaser.min.js
200   25ms     9.74KB  /bundle.js ➞ ./node_modules/browserify ./src/game.js -d
404    1ms        12B  /src/vendor/phaser.map
200    1ms       442B  /assets/loading.png
200    5ms       147B  /assets/progress_bar_bg.png
200    1ms       150B  /assets/progress_bar_fg.png
200   16ms       247B  /
200   14ms   791.36KB  /src/vendor/phaser.min.js
200   29ms     9.74KB  /bundle.js ➞ ./node_modules/browserify ./src/game.js -d
404    0ms        12B  /src/vendor/phaser.map
200   12ms       442B  /assets/loading.png
200    6ms       147B  /assets/progress_bar_bg.png
200    2ms       150B  /assets/progress_bar_fg.png
200   16ms       247B  /
200   12ms   791.36KB  /src/vendor/phaser.min.js
200   37ms     9.74KB  /bundle.js ➞ ./node_modules/browserify ./src/game.js -d
404    1ms        12B  /src/vendor/phaser.map
200    8ms       442B  /assets/loading.png
200    4ms       147B  /assets/progress_bar_bg.png
200    1ms       150B  /assets/progress_bar_fg.png
200   17ms       247B  /
200   14ms   791.36KB  /src/vendor/phaser.min.js
200   20ms     9.74KB  /bundle.js ➞ ./node_modules/browserify ./src/game.js -d
404    1ms        12B  /src/vendor/phaser.map
200    9ms       442B  /assets/loading.png
200    6ms       147B  /assets/progress_bar_bg.png
200    2ms       150B  /assets/progress_bar_fg.png
200   13ms       247B  /
200   24ms   791.36KB  /src/vendor/phaser.min.js
200   39ms     9.74KB  /bundle.js ➞ ./node_modules/browserify ./src/game.js -d
404    1ms        12B  /src/vendor/phaser.map
200   14ms       442B  /assets/loading.png
200    8ms       147B  /assets/progress_bar_bg.png
200    2ms       150B  /assets/progress_bar_fg.png
200   14ms       247B  /
200   16ms   791.36KB  /src/vendor/phaser.min.js
200   33ms     9.74KB  /bundle.js ➞ ./node_modules/browserify ./src/game.js -d
404    1ms        12B  /src/vendor/phaser.map
200   12ms       442B  /assets/loading.png
200    6ms       147B  /assets/progress_bar_bg.png
200    3ms       150B  /assets/progress_bar_fg.png
200   12ms       247B  /
200   15ms   791.36KB  /src/vendor/phaser.min.js
200   27ms     9.74KB  /bundle.js ➞ ./node_modules/browserify ./src/game.js -d
404    0ms        12B  /src/vendor/phaser.map
200   18ms       442B  /assets/loading.png
200    9ms       147B  /assets/progress_bar_bg.png
200    3ms       150B  /assets/progress_bar_fg.png
200   15ms       247B  /
200   14ms   791.36KB  /src/vendor/phaser.min.js
200   25ms     9.74KB  /bundle.js ➞ ./node_modules/browserify ./src/game.js -d
404   14ms        12B  /src/vendor/phaser.map
200   13ms       442B  /assets/loading.png
200    8ms       147B  /assets/progress_bar_bg.png
200    4ms       150B  /assets/progress_bar_fg.png
200   10ms       247B  /
200   13ms   791.36KB  /src/vendor/phaser.min.js
200   35ms     9.74KB  /bundle.js ➞ ./node_modules/browserify ./src/game.js -d
404    1ms        12B  /src/vendor/phaser.map
200    9ms       442B  /assets/loading.png
200    4ms       147B  /assets/progress_bar_bg.png
200    2ms       150B  /assets/progress_bar_fg.png
200   14ms       247B  /
200   12ms   791.36KB  /src/vendor/phaser.min.js
200   30ms     9.74KB  /bundle.js ➞ ./node_modules/browserify ./src/game.js -d
404    0ms        12B  /src/vendor/phaser.map
200   11ms       442B  /assets/loading.png
200    9ms       147B  /assets/progress_bar_bg.png
200    3ms       150B  /assets/progress_bar_fg.png
200   15ms       247B  /
200   17ms   791.36KB  /src/vendor/phaser.min.js
200   24ms     9.74KB  /bundle.js ➞ ./node_modules/browserify ./src/game.js -d
404    1ms        12B  /src/vendor/phaser.map
200   15ms       442B  /assets/loading.png
200    9ms       147B  /assets/progress_bar_bg.png
200    2ms       150B  /assets/progress_bar_fg.png
200   14ms       247B  /
200   13ms   791.36KB  /src/vendor/phaser.min.js
200   28ms     9.74KB  /bundle.js ➞ ./node_modules/browserify ./src/game.js -d
404    0ms        12B  /src/vendor/phaser.map
200    6ms       147B  /assets/progress_bar_bg.png
200    1ms       150B  /assets/progress_bar_fg.png
200   13ms       442B  /assets/loading.png
200   13ms       247B  /
200   14ms   791.36KB  /src/vendor/phaser.min.js
200   29ms     9.74KB  /bundle.js ➞ ./node_modules/browserify ./src/game.js -d
404    0ms        12B  /src/vendor/phaser.map
200   13ms       442B  /assets/loading.png
200    7ms       147B  /assets/progress_bar_bg.png
200    1ms       150B  /assets/progress_bar_fg.png
200   15ms       247B  /
200   15ms   791.36KB  /src/vendor/phaser.min.js
200   26ms     9.74KB  /bundle.js ➞ ./node_modules/browserify ./src/game.js -d
404    5ms        12B  /src/vendor/phaser.map
200   12ms       442B  /assets/loading.png
200    8ms       147B  /assets/progress_bar_bg.png
200    3ms       150B  /assets/progress_bar_fg.png
200   13ms       247B  /
200   12ms   791.36KB  /src/vendor/phaser.min.js
200   41ms     9.74KB  /bundle.js ➞ ./node_modules/browserify ./src/game.js -d
404    1ms        12B  /src/vendor/phaser.map
200    4ms       442B  /assets/loading.png
200    1ms       147B  /assets/progress_bar_bg.png
200    1ms       150B  /assets/progress_bar_fg.png
200    9ms       247B  /
200   11ms   791.36KB  /src/vendor/phaser.min.js
200   20ms     9.74KB  /bundle.js ➞ ./node_modules/browserify ./src/game.js -d
404    0ms        12B  /src/vendor/phaser.map
200    7ms       442B  /assets/loading.png
200    4ms       147B  /assets/progress_bar_bg.png
200    1ms       150B  /assets/progress_bar_fg.png
200   13ms       247B  /
200    9ms   791.36KB  /src/vendor/phaser.min.js
200   18ms     9.74KB  /bundle.js ➞ ./node_modules/browserify ./src/game.js -d
404    1ms        12B  /src/vendor/phaser.map
200    7ms       442B  /assets/loading.png
200    5ms       147B  /assets/progress_bar_bg.png
200    2ms       150B  /assets/progress_bar_fg.png
200   12ms       247B  /
200   14ms   791.36KB  /src/vendor/phaser.min.js
200   20ms     9.74KB  /bundle.js ➞ ./node_modules/browserify ./src/game.js -d
404    0ms        12B  /src/vendor/phaser.map
200   11ms       442B  /assets/loading.png
200    4ms       147B  /assets/progress_bar_bg.png
200    1ms       150B  /assets/progress_bar_fg.png
200    9ms       247B  /
200    2ms   791.36KB  /src/vendor/phaser.min.js
200   14ms     9.74KB  /bundle.js ➞ ./node_modules/browserify ./src/game.js -d
404    7ms        12B  /src/vendor/phaser.map
200   10ms       442B  /assets/loading.png
200    7ms       150B  /assets/progress_bar_fg.png
200    2ms       147B  /assets/progress_bar_bg.png
200   15ms       247B  /
200   18ms   791.36KB  /src/vendor/phaser.min.js
200   39ms     9.74KB  /bundle.js ➞ ./node_modules/browserify ./src/game.js -d
404    0ms        12B  /src/vendor/phaser.map
200   10ms       442B  /assets/loading.png
200    5ms       147B  /assets/progress_bar_bg.png
200    2ms       150B  /assets/progress_bar_fg.png
200   12ms       247B  /
200   13ms   791.36KB  /src/vendor/phaser.min.js
200   32ms     9.74KB  /bundle.js ➞ ./node_modules/browserify ./src/game.js -d
404    6ms        12B  /src/vendor/phaser.map
200   19ms       442B  /assets/loading.png
200    8ms       147B  /assets/progress_bar_bg.png
200    2ms       150B  /assets/progress_bar_fg.png
200   14ms       247B  /
200   15ms   791.36KB  /src/vendor/phaser.min.js
200   23ms     9.74KB  /bundle.js ➞ ./node_modules/browserify ./src/game.js -d
404   15ms        12B  /src/vendor/phaser.map
200   13ms       442B  /assets/loading.png
200    7ms       147B  /assets/progress_bar_bg.png
200    4ms       150B  /assets/progress_bar_fg.png
200   14ms       247B  /
200   14ms   791.36KB  /src/vendor/phaser.min.js
200   34ms     9.74KB  /bundle.js ➞ ./node_modules/browserify ./src/game.js -d
404    1ms        12B  /src/vendor/phaser.map
200   17ms       442B  /assets/loading.png
200    8ms       147B  /assets/progress_bar_bg.png
200    2ms       150B  /assets/progress_bar_fg.png
200   15ms       247B  /
200   16ms   791.36KB  /src/vendor/phaser.min.js
200   24ms     9.74KB  /bundle.js ➞ ./node_modules/browserify ./src/game.js -d
404   15ms        12B  /src/vendor/phaser.map
200   11ms       147B  /assets/progress_bar_bg.png
200    7ms       442B  /assets/loading.png
200    3ms       150B  /assets/progress_bar_fg.png
200   12ms       247B  /
200   12ms   791.36KB  /src/vendor/phaser.min.js
200   27ms     9.74KB  /bundle.js ➞ ./node_modules/browserify ./src/game.js -d
404    1ms        12B  /src/vendor/phaser.map
200   13ms       442B  /assets/loading.png
200   10ms       147B  /assets/progress_bar_bg.png
200    7ms       150B  /assets/progress_bar_fg.png
200   12ms       247B  /
200   11ms   791.36KB  /src/vendor/phaser.min.js
200   30ms     9.74KB  /bundle.js ➞ ./node_modules/browserify ./src/game.js -d
404    1ms        12B  /src/vendor/phaser.map
200   17ms       442B  /assets/loading.png
200   14ms       147B  /assets/progress_bar_bg.png
200    9ms       150B  /assets/progress_bar_fg.png
200   12ms       247B  /
200   15ms   791.36KB  /src/vendor/phaser.min.js
200   22ms     9.74KB  /bundle.js ➞ ./node_modules/browserify ./src/game.js -d
404   12ms        12B  /src/vendor/phaser.map
200   11ms       442B  /assets/loading.png
200    8ms       147B  /assets/progress_bar_bg.png
200    4ms       150B  /assets/progress_bar_fg.png
200   17ms       247B  /
200   15ms   791.36KB  /src/vendor/phaser.min.js
200   26ms     9.74KB  /bundle.js ➞ ./node_modules/browserify ./src/game.js -d
404   15ms        12B  /src/vendor/phaser.map
200   13ms       442B  /assets/loading.png
200    9ms       147B  /assets/progress_bar_bg.png
200    5ms       150B  /assets/progress_bar_fg.png
200   12ms       247B  /
200   15ms   791.36KB  /src/vendor/phaser.min.js
200   30ms     9.74KB  /bundle.js ➞ ./node_modules/browserify ./src/game.js -d
404    1ms        12B  /src/vendor/phaser.map
200   16ms       442B  /assets/loading.png
200   13ms       147B  /assets/progress_bar_bg.png
200    6ms       150B  /assets/progress_bar_fg.png
200   16ms       247B  /
200   12ms   791.36KB  /src/vendor/phaser.min.js
200   24ms     9.74KB  /bundle.js ➞ ./node_modules/browserify ./src/game.js -d
404   17ms        12B  /src/vendor/phaser.map
200   13ms       442B  /assets/loading.png
200    9ms       147B  /assets/progress_bar_bg.png
200    3ms       150B  /assets/progress_bar_fg.png
200   15ms       247B  /
200   17ms   791.36KB  /src/vendor/phaser.min.js
200   52ms     9.74KB  /bundle.js ➞ ./node_modules/browserify ./src/game.js -d
404    1ms        12B  /src/vendor/phaser.map
200    9ms       442B  /assets/loading.png
200    7ms       147B  /assets/progress_bar_bg.png
200    2ms       150B  /assets/progress_bar_fg.png
200   11ms       247B  /
200   14ms   791.36KB  /src/vendor/phaser.min.js
200   27ms     9.74KB  /bundle.js ➞ ./node_modules/browserify ./src/game.js -d
404    0ms        12B  /src/vendor/phaser.map
200    9ms       147B  /assets/progress_bar_bg.png
200    5ms       442B  /assets/loading.png
200    3ms       150B  /assets/progress_bar_fg.png
200   11ms       247B  /
200   11ms   791.36KB  /src/vendor/phaser.min.js
200   28ms     9.74KB  /bundle.js ➞ ./node_modules/browserify ./src/game.js -d
404    1ms        12B  /src/vendor/phaser.map
200   14ms       442B  /assets/loading.png
200    2ms       150B  /assets/progress_bar_fg.png
200    6ms       147B  /assets/progress_bar_bg.png
200   14ms       247B  /
200   13ms   791.36KB  /src/vendor/phaser.min.js
200   28ms     9.74KB  /bundle.js ➞ ./node_modules/browserify ./src/game.js -d
404   11ms        12B  /src/vendor/phaser.map
200   13ms       442B  /assets/loading.png
200    8ms       147B  /assets/progress_bar_bg.png
200    3ms       150B  /assets/progress_bar_fg.png
200   19ms       247B  /
200   15ms   791.36KB  /src/vendor/phaser.min.js
200   32ms     9.74KB  /bundle.js ➞ ./node_modules/browserify ./src/game.js -d
404    0ms        12B  /src/vendor/phaser.map
200   13ms       442B  /assets/loading.png
200    7ms       147B  /assets/progress_bar_bg.png
200    2ms       150B  /assets/progress_bar_fg.png
200   19ms       247B  /
200   17ms   791.36KB  /src/vendor/phaser.min.js
200   32ms     9.74KB  /bundle.js ➞ ./node_modules/browserify ./src/game.js -d
200    0ms       442B  /assets/loading.png
404    6ms        12B  /src/vendor/phaser.map
200    6ms       147B  /assets/progress_bar_bg.png
200    1ms       150B  /assets/progress_bar_fg.png
200   13ms       247B  /
200   14ms   791.36KB  /src/vendor/phaser.min.js
200   37ms     9.74KB  /bundle.js ➞ ./node_modules/browserify ./src/game.js -d
404    0ms        12B  /src/vendor/phaser.map
200    7ms       442B  /assets/loading.png
200    4ms       147B  /assets/progress_bar_bg.png
200    1ms       150B  /assets/progress_bar_fg.png
200   13ms       247B  /
200   18ms   791.36KB  /src/vendor/phaser.min.js
200   28ms     9.74KB  /bundle.js ➞ ./node_modules/browserify ./src/game.js -d
404    8ms        12B  /src/vendor/phaser.map
200   12ms       442B  /assets/loading.png
200    9ms       147B  /assets/progress_bar_bg.png
200    3ms       150B  /assets/progress_bar_fg.png
200   15ms       247B  /
200   15ms   791.36KB  /src/vendor/phaser.min.js
200   27ms     9.74KB  /bundle.js ➞ ./node_modules/browserify ./src/game.js -d
404    1ms        12B  /src/vendor/phaser.map
200   10ms       442B  /assets/loading.png
200    6ms       147B  /assets/progress_bar_bg.png
200    2ms       150B  /assets/progress_bar_fg.png
200   14ms       247B  /
200   14ms   791.36KB  /src/vendor/phaser.min.js
200   25ms     9.74KB  /bundle.js ➞ ./node_modules/browserify ./src/game.js -d
200   16ms       442B  /assets/loading.png
200   12ms       147B  /assets/progress_bar_bg.png
200    9ms       150B  /assets/progress_bar_fg.png
404    1ms        12B  /src/vendor/phaser.map
200   14ms       247B  /
200   14ms   791.36KB  /src/vendor/phaser.min.js
200   24ms     9.74KB  /bundle.js ➞ ./node_modules/browserify ./src/game.js -d
404   10ms        12B  /src/vendor/phaser.map
200   14ms       442B  /assets/loading.png
200    7ms       147B  /assets/progress_bar_bg.png
200    3ms       150B  /assets/progress_bar_fg.png
200   14ms       247B  /
200   14ms   791.36KB  /src/vendor/phaser.min.js
200   25ms     9.74KB  /bundle.js ➞ ./node_modules/browserify ./src/game.js -d
404    1ms        12B  /src/vendor/phaser.map
200   10ms       442B  /assets/loading.png
200    6ms       147B  /assets/progress_bar_bg.png
200    2ms       150B  /assets/progress_bar_fg.png
200   13ms       247B  /
200   14ms   791.36KB  /src/vendor/phaser.min.js
200   50ms     9.74KB  /bundle.js ➞ ./node_modules/browserify ./src/game.js -d
404    0ms        12B  /src/vendor/phaser.map
200    7ms       442B  /assets/loading.png
200    5ms       147B  /assets/progress_bar_bg.png
200    2ms       150B  /assets/progress_bar_fg.png
200   14ms       247B  /
200   11ms   791.36KB  /src/vendor/phaser.min.js
200   25ms     9.74KB  /bundle.js ➞ ./node_modules/browserify ./src/game.js -d
404    0ms        12B  /src/vendor/phaser.map
200    6ms       147B  /assets/progress_bar_bg.png
200    4ms       442B  /assets/loading.png
200    1ms       150B  /assets/progress_bar_fg.png
200    8ms       247B  /
200   10ms   791.36KB  /src/vendor/phaser.min.js
200   19ms     9.74KB  /bundle.js ➞ ./node_modules/browserify ./src/game.js -d
404    0ms        12B  /src/vendor/phaser.map
200    7ms       442B  /assets/loading.png
200    4ms       147B  /assets/progress_bar_bg.png
200    1ms       150B  /assets/progress_bar_fg.png
200   10ms       247B  /
200   13ms   791.36KB  /src/vendor/phaser.min.js
200   20ms     9.74KB  /bundle.js ➞ ./node_modules/browserify ./src/game.js -d
404    1ms        12B  /src/vendor/phaser.map
200    7ms       442B  /assets/loading.png
200    1ms       150B  /assets/progress_bar_fg.png
200    3ms       147B  /assets/progress_bar_bg.png
200   10ms       247B  /
200    4ms   791.36KB  /src/vendor/phaser.min.js
200   30ms     9.74KB  /bundle.js ➞ ./node_modules/browserify ./src/game.js -d
404    0ms        12B  /src/vendor/phaser.map
200    7ms       442B  /assets/loading.png
200    6ms       147B  /assets/progress_bar_bg.png
200    2ms       150B  /assets/progress_bar_fg.png
200   12ms       247B  /
200   12ms   791.36KB  /src/vendor/phaser.min.js
undefined
200   27ms       387B  /bundle.js ➞ ./node_modules/browserify ./src/game.js -d
404    1ms        12B  /src/vendor/phaser.map
200   15ms       247B  /
200   19ms   791.36KB  /src/vendor/phaser.min.js
undefined
200   29ms       387B  /bundle.js ➞ ./node_modules/browserify ./src/game.js -d
404    1ms        12B  /src/vendor/phaser.map
200   21ms       247B  /
200   12ms   791.36KB  /src/vendor/phaser.min.js
undefined
200   28ms       387B  /bundle.js ➞ ./node_modules/browserify ./src/game.js -d
404    0ms        12B  /src/vendor/phaser.map
200   11ms       247B  /
200   14ms   791.36KB  /src/vendor/phaser.min.js
undefined
200   23ms       387B  /bundle.js ➞ ./node_modules/browserify ./src/game.js -d
404    1ms        12B  /src/vendor/phaser.map
200   14ms       247B  /
200   12ms   791.36KB  /src/vendor/phaser.min.js
undefined
200   24ms       387B  /bundle.js ➞ ./node_modules/browserify ./src/game.js -d
404    1ms        12B  /src/vendor/phaser.map
200   17ms       247B  /
200   11ms   791.36KB  /src/vendor/phaser.min.js
undefined
200   18ms       387B  /bundle.js ➞ ./node_modules/browserify ./src/game.js -d
404    1ms        12B  /src/vendor/phaser.map
200   13ms       247B  /
200   12ms   791.36KB  /src/vendor/phaser.min.js
undefined
200   21ms       387B  /bundle.js ➞ ./node_modules/browserify ./src/game.js -d
404    0ms        12B  /src/vendor/phaser.map
200   23ms       247B  /
200   11ms   791.36KB  /src/vendor/phaser.min.js
undefined
200   21ms       387B  /bundle.js ➞ ./node_modules/browserify ./src/game.js -d
404    0ms        12B  /src/vendor/phaser.map
200   12ms       247B  /
200   13ms   791.36KB  /src/vendor/phaser.min.js
200   24ms    10.41KB  /bundle.js ➞ ./node_modules/browserify ./src/game.js -d
404    2ms        12B  /src/vendor/phaser.map
200   12ms       442B  /assets/loading.png
200    6ms       147B  /assets/progress_bar_bg.png
200    2ms       150B  /assets/progress_bar_fg.png
200    9ms      2.4KB  /map.json
200    6ms       105B  /assets/water.png
200    2ms       105B  /assets/grass.png
200   14ms       247B  /
200   13ms   791.36KB  /src/vendor/phaser.min.js
200   29ms    10.41KB  /bundle.js ➞ ./node_modules/browserify ./src/game.js -d
404   17ms        12B  /src/vendor/phaser.map
200   14ms       442B  /assets/loading.png
200   11ms       147B  /assets/progress_bar_bg.png
200    7ms       150B  /assets/progress_bar_fg.png
200   11ms      2.4KB  /map.json
200    8ms       105B  /assets/water.png
200    3ms       105B  /assets/grass.png
200   14ms       247B  /
200   11ms   791.36KB  /src/vendor/phaser.min.js
200   23ms    10.41KB  /bundle.js ➞ ./node_modules/browserify ./src/game.js -d
404    9ms        12B  /src/vendor/phaser.map
200   13ms       147B  /assets/progress_bar_bg.png
200    8ms       442B  /assets/loading.png
200    2ms       150B  /assets/progress_bar_fg.png
200   10ms      2.4KB  /map.json
200    7ms       105B  /assets/water.png
200    1ms       105B  /assets/grass.png
200   13ms       247B  /
200   13ms   791.36KB  /src/vendor/phaser.min.js
200   25ms    10.41KB  /bundle.js ➞ ./node_modules/browserify ./src/game.js -d
404   13ms        12B  /src/vendor/phaser.map
200   11ms       442B  /assets/loading.png
200    6ms       147B  /assets/progress_bar_bg.png
200    2ms       150B  /assets/progress_bar_fg.png
200    8ms      2.4KB  /map.json
200    5ms       105B  /assets/water.png
200    1ms       105B  /assets/grass.png
200   14ms       247B  /
200   12ms   791.36KB  /src/vendor/phaser.min.js
200   46ms    10.41KB  /bundle.js ➞ ./node_modules/browserify ./src/game.js -d
404    1ms        12B  /src/vendor/phaser.map
200    5ms       442B  /assets/loading.png
200    2ms       147B  /assets/progress_bar_bg.png
200    0ms       150B  /assets/progress_bar_fg.png
200    7ms      2.4KB  /map.json
200    4ms       105B  /assets/water.png
200    1ms       105B  /assets/grass.png
200   16ms       247B  /
200   12ms   791.36KB  /src/vendor/phaser.min.js
200   24ms    10.81KB  /bundle.js ➞ ./node_modules/browserify ./src/game.js -d
404    0ms        12B  /src/vendor/phaser.map
200   12ms       442B  /assets/loading.png
200    8ms       147B  /assets/progress_bar_bg.png
200    2ms       150B  /assets/progress_bar_fg.png
200    8ms      2.4KB  /map.json
200    6ms       105B  /assets/grass.png
200    2ms       105B  /assets/water.png
200   12ms       247B  /
200   16ms   791.36KB  /src/vendor/phaser.min.js
200   34ms    10.81KB  /bundle.js ➞ ./node_modules/browserify ./src/game.js -d
404   24ms        12B  /src/vendor/phaser.map
200   22ms       442B  /assets/loading.png
200   13ms       147B  /assets/progress_bar_bg.png
200    3ms       150B  /assets/progress_bar_fg.png
200   12ms      2.4KB  /map.json
200    2ms       105B  /assets/grass.png
200    6ms       105B  /assets/water.png
200   14ms       247B  /
200   15ms   791.36KB  /src/vendor/phaser.min.js
200   34ms    10.81KB  /bundle.js ➞ ./node_modules/browserify ./src/game.js -d
404    7ms        12B  /src/vendor/phaser.map
200   10ms       442B  /assets/loading.png
200    7ms       147B  /assets/progress_bar_bg.png
200    3ms       150B  /assets/progress_bar_fg.png
200   11ms      2.4KB  /map.json
200    8ms       105B  /assets/water.png
200    3ms       105B  /assets/grass.png
200   13ms       247B  /
200   12ms   791.36KB  /src/vendor/phaser.min.js
200   24ms    10.81KB  /bundle.js ➞ ./node_modules/browserify ./src/game.js -d
404    5ms        12B  /src/vendor/phaser.map
200   11ms       442B  /assets/loading.png
200    7ms       147B  /assets/progress_bar_bg.png
200    4ms       150B  /assets/progress_bar_fg.png
404    7ms        12B  /map.json
200    6ms       105B  /assets/water.png
200    2ms       105B  /assets/grass.png
200   20ms       247B  /
200   28ms   791.36KB  /src/vendor/phaser.min.js
200   21ms    10.81KB  /bundle.js ➞ ./node_modules/browserify ./src/game.js -d
404    0ms        12B  /src/vendor/phaser.map
200    6ms       442B  /assets/loading.png
200    3ms       147B  /assets/progress_bar_bg.png
200    1ms       150B  /assets/progress_bar_fg.png
200    5ms      2.4KB  /map.json
200    3ms       105B  /assets/water.png
200    1ms       105B  /assets/grass.png
200   15ms       247B  /
200   11ms   791.36KB  /src/vendor/phaser.min.js
200   21ms    10.81KB  /bundle.js ➞ ./node_modules/browserify ./src/game.js -d
404    0ms        12B  /src/vendor/phaser.map
200    1ms       442B  /assets/loading.png
200    5ms       147B  /assets/progress_bar_bg.png
200    1ms       150B  /assets/progress_bar_fg.png
200    1ms      2.4KB  /map.json
200    5ms       105B  /assets/grass.png
200    1ms       105B  /assets/water.png
200   20ms       247B  /
200   13ms   791.36KB  /src/vendor/phaser.min.js
200   25ms    10.81KB  /bundle.js ➞ ./node_modules/browserify ./src/game.js -d
404   18ms        12B  /src/vendor/phaser.map
200   14ms       442B  /assets/loading.png
200    9ms       147B  /assets/progress_bar_bg.png
200    4ms       150B  /assets/progress_bar_fg.png
200    6ms     2.04KB  /map.json
200    4ms       105B  /assets/water.png
200    1ms       105B  /assets/grass.png
200   16ms       247B  /
200   32ms   791.36KB  /src/vendor/phaser.min.js
200   45ms    10.81KB  /bundle.js ➞ ./node_modules/browserify ./src/game.js -d
404    0ms        12B  /src/vendor/phaser.map
200   14ms       442B  /assets/loading.png
200   12ms       147B  /assets/progress_bar_bg.png
200    2ms       150B  /assets/progress_bar_fg.png
200   12ms     2.03KB  /map.json
200    9ms       105B  /assets/water.png
200    2ms       105B  /assets/grass.png
200   17ms       247B  /
200   14ms   791.36KB  /src/vendor/phaser.min.js
200   27ms    10.81KB  /bundle.js ➞ ./node_modules/browserify ./src/game.js -d
404    0ms        12B  /src/vendor/phaser.map
200   13ms       442B  /assets/loading.png
200    7ms       147B  /assets/progress_bar_bg.png
200    3ms       150B  /assets/progress_bar_fg.png
200    6ms     2.03KB  /map.json
200    4ms       105B  /assets/water.png
200    2ms       105B  /assets/grass.png
200   12ms       247B  /
200   29ms   791.36KB  /src/vendor/phaser.min.js
200   39ms    10.81KB  /bundle.js ➞ ./node_modules/browserify ./src/game.js -d
404    1ms        12B  /src/vendor/phaser.map
200    7ms       442B  /assets/loading.png
200    5ms       147B  /assets/progress_bar_bg.png
200    1ms       150B  /assets/progress_bar_fg.png
404    5ms        12B  /map.json
200    4ms       105B  /assets/water.png
200    2ms       105B  /assets/grass.png
200    9ms       247B  /
200   16ms   791.36KB  /src/vendor/phaser.min.js
200   26ms    10.81KB  /bundle.js ➞ ./node_modules/browserify ./src/game.js -d
404    1ms        12B  /src/vendor/phaser.map
200   18ms       442B  /assets/loading.png
200   15ms       147B  /assets/progress_bar_bg.png
200    9ms       150B  /assets/progress_bar_fg.png
200    6ms      2.4KB  /map.json
200    4ms       105B  /assets/water.png
200    1ms       105B  /assets/grass.png
200    8ms       247B  /
200    9ms   791.36KB  /src/vendor/phaser.min.js
200   26ms    10.81KB  /bundle.js ➞ ./node_modules/browserify ./src/game.js -d
404    0ms        12B  /src/vendor/phaser.map
200   21ms       442B  /assets/loading.png
200   17ms       147B  /assets/progress_bar_bg.png
200    8ms       150B  /assets/progress_bar_fg.png
200    7ms      2.4KB  /map.json
200    5ms       105B  /assets/water.png
200    2ms       105B  /assets/grass.png
200    9ms       247B  /
200   10ms   791.36KB  /src/vendor/phaser.min.js
200   23ms    10.79KB  /bundle.js ➞ ./node_modules/browserify ./src/game.js -d
404    1ms        12B  /src/vendor/phaser.map
200    5ms       442B  /assets/loading.png
200    1ms       147B  /assets/progress_bar_bg.png
200    2ms       150B  /assets/progress_bar_fg.png
200    7ms       105B  /assets/water.png
200    5ms      2.4KB  /map.json
200    1ms       105B  /assets/grass.png
200   12ms       247B  /
200   15ms   791.36KB  /src/vendor/phaser.min.js
200   30ms    10.92KB  /bundle.js ➞ ./node_modules/browserify ./src/game.js -d
404   10ms        12B  /src/vendor/phaser.map
200   13ms       442B  /assets/loading.png
200    8ms       147B  /assets/progress_bar_bg.png
200    2ms       150B  /assets/progress_bar_fg.png
200    8ms      2.4KB  /map.json
200    6ms       105B  /assets/water.png
200    2ms       105B  /assets/grass.png
200   13ms       247B  /
200   22ms   791.36KB  /src/vendor/phaser.min.js
200   34ms    11.03KB  /bundle.js ➞ ./node_modules/browserify ./src/game.js -d
200    0ms       442B  /assets/loading.png
200    1ms       147B  /assets/progress_bar_bg.png
200    1ms       150B  /assets/progress_bar_fg.png
200   13ms      2.4KB  /map.json
200    7ms       105B  /assets/water.png
200    3ms       105B  /assets/grass.png
200   18ms       247B  /
200   17ms   791.36KB  /src/vendor/phaser.min.js
200   24ms    11.03KB  /bundle.js ➞ ./node_modules/browserify ./src/game.js -d
200   11ms       442B  /assets/loading.png
200    7ms       147B  /assets/progress_bar_bg.png
200    3ms       150B  /assets/progress_bar_fg.png
200   11ms      2.4KB  /map.json
200    5ms       105B  /assets/water.png
200    1ms       105B  /assets/grass.png
200   18ms       247B  /
200   15ms   791.36KB  /src/vendor/phaser.min.js
200   32ms    11.46KB  /bundle.js ➞ ./node_modules/browserify ./src/game.js -d
200    7ms       442B  /assets/loading.png
200    4ms       147B  /assets/progress_bar_bg.png
200    2ms       150B  /assets/progress_bar_fg.png
200    8ms      2.4KB  /map.json
200    5ms       105B  /assets/water.png
200    2ms       105B  /assets/grass.png
200   12ms       247B  /
200   11ms   791.36KB  /src/vendor/phaser.min.js
200   19ms    11.48KB  /bundle.js ➞ ./node_modules/browserify ./src/game.js -d
200    7ms       442B  /assets/loading.png
200    3ms       147B  /assets/progress_bar_bg.png
200    1ms       150B  /assets/progress_bar_fg.png
404    1ms        12B  /src/vendor/phaser.map
200   10ms       247B  /
200   11ms   791.36KB  /src/vendor/phaser.min.js
200   19ms    11.48KB  /bundle.js ➞ ./node_modules/browserify ./src/game.js -d
404    1ms        12B  /src/vendor/phaser.map
200    7ms       442B  /assets/loading.png
200    5ms       147B  /assets/progress_bar_bg.png
200    1ms       150B  /assets/progress_bar_fg.png
200   14ms       247B  /
200   18ms   791.36KB  /src/vendor/phaser.min.js
200   28ms    11.47KB  /bundle.js ➞ ./node_modules/browserify ./src/game.js -d
404    1ms        12B  /src/vendor/phaser.map
200    9ms       442B  /assets/loading.png
200    6ms       147B  /assets/progress_bar_bg.png
200    3ms       150B  /assets/progress_bar_fg.png
200    1ms      2.4KB  /map.json
200    7ms       105B  /assets/grass.png
200    2ms       105B  /assets/water.png
200   12ms       247B  /
200   14ms   791.36KB  /src/vendor/phaser.min.js
200   29ms    11.47KB  /bundle.js ➞ ./node_modules/browserify ./src/game.js -d
404    1ms        12B  /src/vendor/phaser.map
200   14ms       442B  /assets/loading.png
200    7ms       147B  /assets/progress_bar_bg.png
200    2ms       150B  /assets/progress_bar_fg.png
200    8ms      2.4KB  /map.json
200    1ms       105B  /assets/grass.png
200    4ms       105B  /assets/water.png
200   22ms       247B  /
200   11ms   791.36KB  /src/vendor/phaser.min.js
200   28ms    11.47KB  /bundle.js ➞ ./node_modules/browserify ./src/game.js -d
404   15ms        12B  /src/vendor/phaser.map
200   21ms       442B  /assets/loading.png
200   14ms       147B  /assets/progress_bar_bg.png
200    2ms       150B  /assets/progress_bar_fg.png
200   10ms      2.4KB  /map.json
200    6ms       105B  /assets/water.png
200    3ms       105B  /assets/grass.png
200   21ms       247B  /
200   22ms   791.36KB  /src/vendor/phaser.min.js
200   31ms    11.47KB  /bundle.js ➞ ./node_modules/browserify ./src/game.js -d
404    0ms        12B  /src/vendor/phaser.map
200    9ms       442B  /assets/loading.png
200    6ms       147B  /assets/progress_bar_bg.png
200    2ms       150B  /assets/progress_bar_fg.png
200    5ms       105B  /assets/water.png
200    1ms       105B  /assets/grass.png
200    9ms      2.4KB  /map.json
200   13ms       247B  /
200   16ms   791.36KB  /src/vendor/phaser.min.js
200   35ms    11.47KB  /bundle.js ➞ ./node_modules/browserify ./src/game.js -d
404    0ms        12B  /src/vendor/phaser.map
200    6ms       442B  /assets/loading.png
200    4ms       147B  /assets/progress_bar_bg.png
200    2ms       150B  /assets/progress_bar_fg.png
200    7ms      2.4KB  /map.json
200    5ms       105B  /assets/water.png
200    1ms       105B  /assets/grass.png
200   15ms       247B  /
200   13ms   791.36KB  /src/vendor/phaser.min.js
200   26ms    11.47KB  /bundle.js ➞ ./node_modules/browserify ./src/game.js -d
404   13ms        12B  /src/vendor/phaser.map
200   12ms       442B  /assets/loading.png
200    8ms       147B  /assets/progress_bar_bg.png
200    3ms       150B  /assets/progress_bar_fg.png
200   11ms      2.4KB  /map.json
200    7ms       105B  /assets/water.png
200    1ms       105B  /assets/grass.png
200   12ms       247B  /
200   17ms   791.36KB  /src/vendor/phaser.min.js
200   34ms    11.48KB  /bundle.js ➞ ./node_modules/browserify ./src/game.js -d
200    9ms       442B  /assets/loading.png
200    6ms       147B  /assets/progress_bar_bg.png
200    2ms       150B  /assets/progress_bar_fg.png
200   11ms      2.4KB  /map.json
200    6ms       105B  /assets/grass.png
200    2ms       105B  /assets/water.png
404    1ms        12B  /src/vendor/phaser.map
200   15ms       247B  /
200   15ms   791.36KB  /src/vendor/phaser.min.js
200   25ms    11.48KB  /bundle.js ➞ ./node_modules/browserify ./src/game.js -d
404    0ms        12B  /src/vendor/phaser.map
200    7ms       442B  /assets/loading.png
200    5ms       147B  /assets/progress_bar_bg.png
200    2ms       150B  /assets/progress_bar_fg.png
200    6ms      2.4KB  /map.json
200    3ms       105B  /assets/water.png
200    2ms       105B  /assets/grass.png
200   12ms       247B  /
200   14ms   791.36KB  /src/vendor/phaser.min.js
200   26ms    11.49KB  /bundle.js ➞ ./node_modules/browserify ./src/game.js -d
404    4ms        12B  /src/vendor/phaser.map
200   12ms       442B  /assets/loading.png
200    6ms       147B  /assets/progress_bar_bg.png
200    1ms       150B  /assets/progress_bar_fg.png
200   11ms      2.4KB  /map.json
200    4ms       105B  /assets/water.png
200    1ms       105B  /assets/grass.png
200   11ms       247B  /
200   25ms   791.36KB  /src/vendor/phaser.min.js
200   37ms    11.49KB  /bundle.js ➞ ./node_modules/browserify ./src/game.js -d
404   10ms        12B  /src/vendor/phaser.map
200    8ms       442B  /assets/loading.png
200    6ms       147B  /assets/progress_bar_bg.png
200    2ms       150B  /assets/progress_bar_fg.png
200    7ms      2.4KB  /map.json
200    5ms       105B  /assets/water.png
200    1ms       105B  /assets/grass.png
200   12ms       247B  /
200   14ms   791.36KB  /src/vendor/phaser.min.js
200   24ms    11.49KB  /bundle.js ➞ ./node_modules/browserify ./src/game.js -d
404    0ms        12B  /src/vendor/phaser.map
200   17ms       147B  /assets/progress_bar_bg.png
200   13ms       442B  /assets/loading.png
200    7ms       150B  /assets/progress_bar_fg.png
200   10ms      2.4KB  /map.json
200    6ms       105B  /assets/water.png
200    2ms       105B  /assets/grass.png
200   18ms       247B  /
200   14ms   791.36KB  /src/vendor/phaser.min.js
200   25ms    11.65KB  /bundle.js ➞ ./node_modules/browserify ./src/game.js -d
404    1ms        12B  /src/vendor/phaser.map
200   11ms       442B  /assets/loading.png
200    8ms       147B  /assets/progress_bar_bg.png
200    1ms       150B  /assets/progress_bar_fg.png
200    8ms      2.4KB  /map.json
200    5ms       105B  /assets/water.png
200    1ms       105B  /assets/grass.png
200   15ms       247B  /
200   16ms   791.36KB  /src/vendor/phaser.min.js
200   30ms    11.65KB  /bundle.js ➞ ./node_modules/browserify ./src/game.js -d
404   14ms        12B  /src/vendor/phaser.map
200   12ms       442B  /assets/loading.png
200    7ms       147B  /assets/progress_bar_bg.png
200    4ms       150B  /assets/progress_bar_fg.png
200   10ms      2.4KB  /map.json
200    7ms       105B  /assets/water.png
200    2ms       105B  /assets/grass.png
200   14ms       247B  /
200   10ms   791.36KB  /src/vendor/phaser.min.js
200   27ms    11.65KB  /bundle.js ➞ ./node_modules/browserify ./src/game.js -d
404    3ms        12B  /src/vendor/phaser.map
200   19ms       442B  /assets/loading.png
200   14ms       147B  /assets/progress_bar_bg.png
200   12ms       150B  /assets/progress_bar_fg.png
200    9ms      2.4KB  /map.json
200    5ms       105B  /assets/water.png
200    1ms       105B  /assets/grass.png
200   25ms       247B  /
200   15ms   791.36KB  /src/vendor/phaser.min.js
200   28ms    11.65KB  /bundle.js ➞ ./node_modules/browserify ./src/game.js -d
404    8ms        12B  /src/vendor/phaser.map
200    8ms       442B  /assets/loading.png
200    5ms       147B  /assets/progress_bar_bg.png
200    3ms       150B  /assets/progress_bar_fg.png
200    7ms      2.4KB  /map.json
200    5ms       105B  /assets/water.png
200    1ms       105B  /assets/grass.png
200   11ms       247B  /
200   16ms   791.36KB  /src/vendor/phaser.min.js
200   34ms    11.65KB  /bundle.js ➞ ./node_modules/browserify ./src/game.js -d
404    2ms        12B  /src/vendor/phaser.map
200   11ms       442B  /assets/loading.png
200   10ms       147B  /assets/progress_bar_bg.png
200    6ms       150B  /assets/progress_bar_fg.png
200    6ms      2.4KB  /map.json
200    4ms       105B  /assets/water.png
200    2ms       105B  /assets/grass.png
200   12ms       247B  /
200   12ms   791.36KB  /src/vendor/phaser.min.js
200   30ms    11.65KB  /bundle.js ➞ ./node_modules/browserify ./src/game.js -d
404    1ms        12B  /src/vendor/phaser.map
200   11ms       442B  /assets/loading.png
200    9ms       147B  /assets/progress_bar_bg.png
200    6ms       150B  /assets/progress_bar_fg.png
200    6ms      2.4KB  /map.json
200    3ms       105B  /assets/water.png
200    1ms       105B  /assets/grass.png
200   10ms       247B  /
200    8ms   791.36KB  /src/vendor/phaser.min.js
200   15ms    11.65KB  /bundle.js ➞ ./node_modules/browserify ./src/game.js -d
404    0ms        12B  /src/vendor/phaser.map
200    7ms       442B  /assets/loading.png
200    5ms       147B  /assets/progress_bar_bg.png
200    2ms       150B  /assets/progress_bar_fg.png
200    8ms      2.4KB  /map.json
200    7ms       105B  /assets/water.png
200    3ms       105B  /assets/grass.png
200   16ms       247B  /
200    1ms   791.36KB  /src/vendor/phaser.min.js
200   22ms    11.65KB  /bundle.js ➞ ./node_modules/browserify ./src/game.js -d
404    1ms        12B  /src/vendor/phaser.map
200   25ms       442B  /assets/loading.png
200   21ms       147B  /assets/progress_bar_bg.png
200   14ms       150B  /assets/progress_bar_fg.png
200    8ms      2.4KB  /map.json
200    6ms       105B  /assets/water.png
200    3ms       105B  /assets/grass.png
200   11ms       247B  /
200   12ms   791.36KB  /src/vendor/phaser.min.js
200   25ms    11.65KB  /bundle.js ➞ ./node_modules/browserify ./src/game.js -d
404    1ms        12B  /src/vendor/phaser.map
200   12ms       442B  /assets/loading.png
200    8ms       147B  /assets/progress_bar_bg.png
200    3ms       150B  /assets/progress_bar_fg.png
200   11ms      2.4KB  /map.json
200    5ms       105B  /assets/water.png
200    1ms       105B  /assets/grass.png
200   14ms       247B  /
200   18ms   791.36KB  /src/vendor/phaser.min.js
200   30ms    11.65KB  /bundle.js ➞ ./node_modules/browserify ./src/game.js -d
404   16ms        12B  /src/vendor/phaser.map
200   13ms       442B  /assets/loading.png
200    9ms       147B  /assets/progress_bar_bg.png
200    5ms       150B  /assets/progress_bar_fg.png
200   13ms      2.4KB  /map.json
200    7ms       105B  /assets/water.png
200    3ms       105B  /assets/grass.png
200   14ms       247B  /
200   15ms   791.36KB  /src/vendor/phaser.min.js
200   27ms    11.65KB  /bundle.js ➞ ./node_modules/browserify ./src/game.js -d
404    0ms        12B  /src/vendor/phaser.map
200   10ms       442B  /assets/loading.png
200    5ms       147B  /assets/progress_bar_bg.png
200    2ms       150B  /assets/progress_bar_fg.png
200    8ms      2.4KB  /map.json
200    5ms       105B  /assets/water.png
200    1ms       105B  /assets/grass.png
200    9ms       247B  /
200   13ms   791.36KB  /src/vendor/phaser.min.js
200   33ms    11.65KB  /bundle.js ➞ ./node_modules/browserify ./src/game.js -d
404    0ms        12B  /src/vendor/phaser.map
200   10ms       442B  /assets/loading.png
200    6ms       147B  /assets/progress_bar_bg.png
200    1ms       150B  /assets/progress_bar_fg.png
200    7ms      2.4KB  /map.json
200    4ms       105B  /assets/water.png
200    3ms       105B  /assets/grass.png
200   19ms       247B  /
200    3ms   791.36KB  /src/vendor/phaser.min.js
200   39ms    11.65KB  /bundle.js ➞ ./node_modules/browserify ./src/game.js -d
404    1ms        12B  /src/vendor/phaser.map
200   19ms       442B  /assets/loading.png
200   13ms       147B  /assets/progress_bar_bg.png
200    3ms       150B  /assets/progress_bar_fg.png
200    8ms      2.4KB  /map.json
200    5ms       105B  /assets/water.png
200    2ms       105B  /assets/grass.png
200   13ms       247B  /
200   20ms   791.36KB  /src/vendor/phaser.min.js
200   39ms    11.65KB  /bundle.js ➞ ./node_modules/browserify ./src/game.js -d
404    0ms        12B  /src/vendor/phaser.map
200   20ms       442B  /assets/loading.png
200    8ms       147B  /assets/progress_bar_bg.png
200    2ms       150B  /assets/progress_bar_fg.png
200   12ms      2.4KB  /map.json
200    9ms       105B  /assets/water.png
200    4ms       105B  /assets/grass.png
200   11ms       247B  /
200   22ms   791.36KB  /src/vendor/phaser.min.js
200   31ms    11.65KB  /bundle.js ➞ ./node_modules/browserify ./src/game.js -d
404   12ms        12B  /src/vendor/phaser.map
200   14ms       442B  /assets/loading.png
200    8ms       147B  /assets/progress_bar_bg.png
200    3ms       150B  /assets/progress_bar_fg.png
200    8ms      2.4KB  /map.json
200    5ms       105B  /assets/water.png
200    1ms       105B  /assets/grass.png
200   18ms       247B  /
200   13ms   791.36KB  /src/vendor/phaser.min.js
200   37ms    11.65KB  /bundle.js ➞ ./node_modules/browserify ./src/game.js -d
404    2ms        12B  /src/vendor/phaser.map
200   18ms       442B  /assets/loading.png
200   15ms       147B  /assets/progress_bar_bg.png
200   10ms       150B  /assets/progress_bar_fg.png
200   16ms      2.4KB  /map.json
200   12ms       105B  /assets/water.png
200    7ms       105B  /assets/grass.png
200   17ms       247B  /
200   23ms   791.36KB  /src/vendor/phaser.min.js
200   45ms    11.65KB  /bundle.js ➞ ./node_modules/browserify ./src/game.js -d
404   11ms        12B  /src/vendor/phaser.map
200   10ms       442B  /assets/loading.png
200    7ms       147B  /assets/progress_bar_bg.png
200    3ms       150B  /assets/progress_bar_fg.png
200    6ms      2.4KB  /map.json
200    4ms       105B  /assets/water.png
200    1ms       105B  /assets/grass.png
200   13ms       247B  /
200    5ms   791.36KB  /src/vendor/phaser.min.js
200   38ms    11.65KB  /bundle.js ➞ ./node_modules/browserify ./src/game.js -d
404    0ms        12B  /src/vendor/phaser.map
200   13ms       442B  /assets/loading.png
200    8ms       147B  /assets/progress_bar_bg.png
200    1ms       150B  /assets/progress_bar_fg.png
200    4ms      2.4KB  /map.json
200    1ms       105B  /assets/water.png
200    3ms       105B  /assets/grass.png
200   11ms       247B  /
200   16ms   791.36KB  /src/vendor/phaser.min.js
200   44ms    11.65KB  /bundle.js ➞ ./node_modules/browserify ./src/game.js -d
404    9ms        12B  /src/vendor/phaser.map
200   19ms       442B  /assets/loading.png
200   18ms       147B  /assets/progress_bar_bg.png
200    8ms       150B  /assets/progress_bar_fg.png
200   13ms      2.4KB  /map.json
200    9ms       105B  /assets/water.png
200    4ms       105B  /assets/grass.png
200   22ms       247B  /
200   24ms   791.36KB  /src/vendor/phaser.min.js
200   43ms    11.65KB  /bundle.js ➞ ./node_modules/browserify ./src/game.js -d
404    1ms        12B  /src/vendor/phaser.map
200   14ms       442B  /assets/loading.png
200    7ms       147B  /assets/progress_bar_bg.png
200    3ms       150B  /assets/progress_bar_fg.png
200   13ms      2.4KB  /map.json
200    7ms       105B  /assets/water.png
200    2ms       105B  /assets/grass.png
200   18ms       247B  /
200   20ms   791.36KB  /src/vendor/phaser.min.js
200   36ms    11.65KB  /bundle.js ➞ ./node_modules/browserify ./src/game.js -d
404    5ms        12B  /src/vendor/phaser.map
200   12ms       442B  /assets/loading.png
200    6ms       150B  /assets/progress_bar_fg.png
200    2ms       147B  /assets/progress_bar_bg.png
200    8ms       105B  /assets/water.png
200    5ms      2.4KB  /map.json
200    2ms       105B  /assets/grass.png
200   14ms       247B  /
200   27ms   791.36KB  /src/vendor/phaser.min.js
200   30ms    11.65KB  /bundle.js ➞ ./node_modules/browserify ./src/game.js -d
404    0ms        12B  /src/vendor/phaser.map
200   11ms       442B  /assets/loading.png
200    5ms       147B  /assets/progress_bar_bg.png
200    3ms       150B  /assets/progress_bar_fg.png
200    8ms      2.4KB  /map.json
200    6ms       105B  /assets/water.png
200    2ms       105B  /assets/grass.png
200   16ms       247B  /
200   23ms   791.36KB  /src/vendor/phaser.min.js
200   46ms    11.65KB  /bundle.js ➞ ./node_modules/browserify ./src/game.js -d
404    1ms        12B  /src/vendor/phaser.map
200   12ms       442B  /assets/loading.png
200    8ms       147B  /assets/progress_bar_bg.png
200    1ms       150B  /assets/progress_bar_fg.png
200    6ms       105B  /assets/water.png
200   11ms      2.4KB  /map.json
200    1ms       105B  /assets/grass.png
200   14ms       247B  /
200   13ms   791.36KB  /src/vendor/phaser.min.js
200   23ms    11.65KB  /bundle.js ➞ ./node_modules/browserify ./src/game.js -d
200   13ms       442B  /assets/loading.png
200   10ms       147B  /assets/progress_bar_bg.png
200    7ms       150B  /assets/progress_bar_fg.png
404    1ms        12B  /src/vendor/phaser.map
200    8ms      2.4KB  /map.json
200    5ms       105B  /assets/water.png
200    1ms       105B  /assets/grass.png
200   14ms       247B  /
200   16ms   791.36KB  /src/vendor/phaser.min.js
200   28ms    11.65KB  /bundle.js ➞ ./node_modules/browserify ./src/game.js -d
404    1ms        12B  /src/vendor/phaser.map
200   16ms       442B  /assets/loading.png
200   12ms       147B  /assets/progress_bar_bg.png
200    6ms       150B  /assets/progress_bar_fg.png
200    6ms       105B  /assets/water.png
200    9ms      2.4KB  /map.json
200    1ms       105B  /assets/grass.png
200   19ms       247B  /
200   12ms   791.36KB  /src/vendor/phaser.min.js
200   31ms    11.65KB  /bundle.js ➞ ./node_modules/browserify ./src/game.js -d
404    0ms        12B  /src/vendor/phaser.map
200   11ms       442B  /assets/loading.png
200    7ms       147B  /assets/progress_bar_bg.png
200    2ms       150B  /assets/progress_bar_fg.png
200    9ms      2.4KB  /map.json
200    5ms       105B  /assets/water.png
200    1ms       105B  /assets/grass.png
200   16ms       247B  /
200   12ms   791.36KB  /src/vendor/phaser.min.js
200   21ms    11.65KB  /bundle.js ➞ ./node_modules/browserify ./src/game.js -d
404    7ms        12B  /src/vendor/phaser.map
200    8ms       442B  /assets/loading.png
200    6ms       147B  /assets/progress_bar_bg.png
200    2ms       150B  /assets/progress_bar_fg.png
200    7ms      2.4KB  /map.json
200    5ms       105B  /assets/water.png
200    2ms       105B  /assets/grass.png
200   10ms       247B  /
200   11ms   791.36KB  /src/vendor/phaser.min.js
200   20ms    11.65KB  /bundle.js ➞ ./node_modules/browserify ./src/game.js -d
404    4ms        12B  /src/vendor/phaser.map
200    8ms       442B  /assets/loading.png
200    5ms       147B  /assets/progress_bar_bg.png
200    2ms       150B  /assets/progress_bar_fg.png
200    9ms      2.4KB  /map.json
200    4ms       105B  /assets/water.png
200    1ms       105B  /assets/grass.png
200    9ms       247B  /
200    8ms   791.36KB  /src/vendor/phaser.min.js
200   22ms    11.65KB  /bundle.js ➞ ./node_modules/browserify ./src/game.js -d
404    0ms        12B  /src/vendor/phaser.map
200    7ms       442B  /assets/loading.png
200    5ms       147B  /assets/progress_bar_bg.png
200    1ms       150B  /assets/progress_bar_fg.png
200    5ms      2.4KB  /map.json
200    4ms       105B  /assets/water.png
200    1ms       105B  /assets/grass.png
200    9ms       247B  /
200   10ms   791.36KB  /src/vendor/phaser.min.js
200   25ms    11.65KB  /bundle.js ➞ ./node_modules/browserify ./src/game.js -d
200    1ms       442B  /assets/loading.png
404    1ms        12B  /src/vendor/phaser.map
200   17ms       147B  /assets/progress_bar_bg.png
200   15ms       150B  /assets/progress_bar_fg.png
200    8ms      2.4KB  /map.json
200    6ms       105B  /assets/water.png
200    3ms       105B  /assets/grass.png
200   11ms       247B  /
200    2ms   791.36KB  /src/vendor/phaser.min.js
200   20ms    11.65KB  /bundle.js ➞ ./node_modules/browserify ./src/game.js -d
404    1ms        12B  /src/vendor/phaser.map
200   16ms       442B  /assets/loading.png
200   12ms       147B  /assets/progress_bar_bg.png
200    7ms       150B  /assets/progress_bar_fg.png
200   11ms      2.4KB  /map.json
200    7ms       105B  /assets/water.png
200    2ms       105B  /assets/grass.png
200   14ms       247B  /
200    4ms   791.36KB  /src/vendor/phaser.min.js
200   26ms    11.65KB  /bundle.js ➞ ./node_modules/browserify ./src/game.js -d
404    0ms        12B  /src/vendor/phaser.map
200   13ms       442B  /assets/loading.png
200    8ms       147B  /assets/progress_bar_bg.png
200    3ms       150B  /assets/progress_bar_fg.png
200    1ms      2.4KB  /map.json
200    5ms       105B  /assets/water.png
200    1ms       105B  /assets/grass.png
200   19ms       247B  /
200   16ms   791.36KB  /src/vendor/phaser.min.js
200   29ms    11.65KB  /bundle.js ➞ ./node_modules/browserify ./src/game.js -d
404   16ms        12B  /src/vendor/phaser.map
200   20ms       442B  /assets/loading.png
200   10ms       147B  /assets/progress_bar_bg.png
200    2ms       150B  /assets/progress_bar_fg.png
200   12ms      2.4KB  /map.json
200    6ms       105B  /assets/water.png
200    2ms       105B  /assets/grass.png
200   19ms       247B  /
200   12ms   791.36KB  /src/vendor/phaser.min.js
200   34ms    11.66KB  /bundle.js ➞ ./node_modules/browserify ./src/game.js -d
404    2ms        12B  /src/vendor/phaser.map
200   12ms       442B  /assets/loading.png
200    6ms       147B  /assets/progress_bar_bg.png
200    2ms       150B  /assets/progress_bar_fg.png
200   11ms      2.4KB  /map.json
200    8ms       105B  /assets/water.png
200    2ms       105B  /assets/grass.png
200   13ms       247B  /
200   14ms   791.36KB  /src/vendor/phaser.min.js
200   29ms    11.66KB  /bundle.js ➞ ./node_modules/browserify ./src/game.js -d
200    9ms       442B  /assets/loading.png
200    5ms       147B  /assets/progress_bar_bg.png
200    1ms       150B  /assets/progress_bar_fg.png
200    7ms      2.4KB  /map.json
200    4ms       105B  /assets/water.png
200    2ms       105B  /assets/grass.png
404    1ms        12B  /src/vendor/phaser.map
200    8ms       247B  /
200    9ms   791.36KB  /src/vendor/phaser.min.js
200   21ms    11.66KB  /bundle.js ➞ ./node_modules/browserify ./src/game.js -d
404    0ms        12B  /src/vendor/phaser.map
200    7ms       442B  /assets/loading.png
200    6ms       147B  /assets/progress_bar_bg.png
200    2ms       150B  /assets/progress_bar_fg.png
200    5ms      2.4KB  /map.json
200    3ms       105B  /assets/water.png
200    1ms       105B  /assets/grass.png
200   11ms       247B  /
200    7ms   791.36KB  /src/vendor/phaser.min.js
200   19ms    11.66KB  /bundle.js ➞ ./node_modules/browserify ./src/game.js -d
404    0ms        12B  /src/vendor/phaser.map
200   13ms       442B  /assets/loading.png
200    7ms       147B  /assets/progress_bar_bg.png
200    1ms       150B  /assets/progress_bar_fg.png
200   10ms      2.4KB  /map.json
200    5ms       105B  /assets/water.png
200    2ms       105B  /assets/grass.png
200   16ms       247B  /
200   17ms   791.36KB  /src/vendor/phaser.min.js
200   37ms    11.66KB  /bundle.js ➞ ./node_modules/browserify ./src/game.js -d
200   16ms       442B  /assets/loading.png
200   11ms       147B  /assets/progress_bar_bg.png
200    7ms       150B  /assets/progress_bar_fg.png
404    0ms        12B  /src/vendor/phaser.map
200    8ms      2.4KB  /map.json
200    5ms       105B  /assets/water.png
200    1ms       105B  /assets/grass.png
200   10ms       247B  /
200   12ms   791.36KB  /src/vendor/phaser.min.js
200   28ms    11.66KB  /bundle.js ➞ ./node_modules/browserify ./src/game.js -d
404    0ms        12B  /src/vendor/phaser.map
200   17ms       442B  /assets/loading.png
200   11ms       147B  /assets/progress_bar_bg.png
200    7ms       150B  /assets/progress_bar_fg.png
200    9ms      2.4KB  /map.json
200    5ms       105B  /assets/water.png
200    2ms       105B  /assets/grass.png
200   13ms       247B  /
200   13ms   791.36KB  /src/vendor/phaser.min.js
200   27ms    11.66KB  /bundle.js ➞ ./node_modules/browserify ./src/game.js -d
404    1ms        12B  /src/vendor/phaser.map
200   13ms       442B  /assets/loading.png
200    8ms       147B  /assets/progress_bar_bg.png
200    2ms       150B  /assets/progress_bar_fg.png
200    8ms      2.4KB  /map.json
200    4ms       105B  /assets/water.png
200    2ms       105B  /assets/grass.png
events.js:141
      throw er; // Unhandled 'error' event
      ^

Error: watch /var/www/game/.git/objects/f2/2773c35fcf1def14b9872b0145c31f58ab63cd ENOSPC
    at exports._errnoException (util.js:870:11)
    at FSWatcher.start (fs.js:1234:19)
    at Object.fs.watch (fs.js:1262:11)
    at createFsWatchInstance (/usr/local/lib/node_modules/beefy/node_modules/chokidar/lib/nodefs-handler.js:37:15)
    at setFsWatchListener (/usr/local/lib/node_modules/beefy/node_modules/chokidar/lib/nodefs-handler.js:80:15)
    at FSWatcher.NodeFsHandler._watchWithNodeFs (/usr/local/lib/node_modules/beefy/node_modules/chokidar/lib/nodefs-handler.js:228:14)
    at FSWatcher.NodeFsHandler._handleFile (/usr/local/lib/node_modules/beefy/node_modules/chokidar/lib/nodefs-handler.js:255:21)
    at FSWatcher.<anonymous> (/usr/local/lib/node_modules/beefy/node_modules/chokidar/lib/nodefs-handler.js:473:21)
    at FSReqWrap.oncomplete (fs.js:82:15)
